00:37:55.882 [DEBUG] [org.gradle.internal.nativeintegration.services.NativeServices] Native-platform posix files is not available.  Continuing with fallback.
00:37:55.890 [DEBUG] [org.gradle.internal.nativeintegration.filesystem.services.FileSystemServices] Using JDK 7 file service org.gradle.internal.nativeintegration.filesystem.jdk7.WindowsJdk7Symlink
00:37:56.489 [INFO] [org.gradle.launcher.daemon.server.Daemon] start() called on daemon - DefaultDaemonContext[uid=a011fad1-5d0f-4a0b-abc9-0a6a4a9f75a2,javaHome=C:\Program Files\Java\jdk1.8.0_181,daemonRegistryDir=C:\Project\DropGame\daemon,pid=1348,idleTimeout=60000,daemonOpts=-Xms128m,-Xmx1500m,-Dfile.encoding=windows-1251,-Duser.country=RU,-Duser.language=ru,-Duser.variant]
00:37:56.497 [DEBUG] [org.gradle.launcher.daemon.server.DaemonStateCoordinator] updating lastActivityAt to 1542317876497
00:37:57.025 [DEBUG] [org.gradle.internal.remote.internal.inet.InetAddressFactory] Adding IP addresses for network interface Software Loopback Interface 1
00:37:57.029 [DEBUG] [org.gradle.internal.remote.internal.inet.InetAddressFactory] Is this a loopback interface? true
00:37:57.037 [DEBUG] [org.gradle.internal.remote.internal.inet.InetAddressFactory] Is this a multicast interface? true
00:37:57.197 [DEBUG] [org.gradle.internal.remote.internal.inet.InetAddressFactory] Adding loopback address /127.0.0.1
00:37:57.201 [DEBUG] [org.gradle.internal.remote.internal.inet.InetAddressFactory] Adding loopback address /0:0:0:0:0:0:0:1
00:37:57.201 [DEBUG] [org.gradle.internal.remote.internal.inet.InetAddressFactory] Adding loopback multicast interface Software Loopback Interface 1
00:37:57.201 [DEBUG] [org.gradle.internal.remote.internal.inet.InetAddressFactory] Adding IP addresses for network interface RAS Async Adapter
00:37:57.221 [DEBUG] [org.gradle.internal.remote.internal.inet.InetAddressFactory] Is this a loopback interface? false
00:37:57.237 [DEBUG] [org.gradle.internal.remote.internal.inet.InetAddressFactory] Is this a multicast interface? true
00:37:57.237 [DEBUG] [org.gradle.internal.remote.internal.inet.InetAddressFactory] Adding loopback multicast interface RAS Async Adapter
00:37:57.237 [DEBUG] [org.gradle.internal.remote.internal.inet.InetAddressFactory] Adding IP addresses for network interface Microsoft 6to4 Adapter
00:37:57.253 [DEBUG] [org.gradle.internal.remote.internal.inet.InetAddressFactory] Is this a loopback interface? false
00:37:57.265 [DEBUG] [org.gradle.internal.remote.internal.inet.InetAddressFactory] Is this a multicast interface? true
00:37:57.265 [DEBUG] [org.gradle.internal.remote.internal.inet.InetAddressFactory] Adding loopback multicast interface Microsoft 6to4 Adapter
00:37:57.265 [DEBUG] [org.gradle.internal.remote.internal.inet.InetAddressFactory] Adding IP addresses for network interface WAN Miniport (SSTP)
00:37:57.277 [DEBUG] [org.gradle.internal.remote.internal.inet.InetAddressFactory] Is this a loopback interface? false
00:37:57.285 [DEBUG] [org.gradle.internal.remote.internal.inet.InetAddressFactory] Is this a multicast interface? true
00:37:57.285 [DEBUG] [org.gradle.internal.remote.internal.inet.InetAddressFactory] Adding loopback multicast interface WAN Miniport (SSTP)
00:37:57.285 [DEBUG] [org.gradle.internal.remote.internal.inet.InetAddressFactory] Adding IP addresses for network interface Intel(R) Centrino(R) Advanced-N 6205
00:37:57.297 [DEBUG] [org.gradle.internal.remote.internal.inet.InetAddressFactory] Is this a loopback interface? false
00:37:57.305 [DEBUG] [org.gradle.internal.remote.internal.inet.InetAddressFactory] Is this a multicast interface? true
00:37:57.305 [DEBUG] [org.gradle.internal.remote.internal.inet.InetAddressFactory] Adding remote address /192.168.43.102
00:37:57.309 [DEBUG] [org.gradle.internal.remote.internal.inet.InetAddressFactory] Adding remote multicast interface Intel(R) Centrino(R) Advanced-N 6205
00:37:57.309 [DEBUG] [org.gradle.internal.remote.internal.inet.InetAddressFactory] Adding IP addresses for network interface WAN Miniport (IKEv2)
00:37:57.321 [DEBUG] [org.gradle.internal.remote.internal.inet.InetAddressFactory] Is this a loopback interface? false
00:37:57.329 [DEBUG] [org.gradle.internal.remote.internal.inet.InetAddressFactory] Is this a multicast interface? true
00:37:57.341 [DEBUG] [org.gradle.internal.remote.internal.inet.InetAddressFactory] Adding loopback multicast interface WAN Miniport (IKEv2)
00:37:57.341 [DEBUG] [org.gradle.internal.remote.internal.inet.InetAddressFactory] Adding IP addresses for network interface Microsoft IP-HTTPS Platform Adapter
00:37:57.349 [DEBUG] [org.gradle.internal.remote.internal.inet.InetAddressFactory] Is this a loopback interface? false
00:37:57.361 [DEBUG] [org.gradle.internal.remote.internal.inet.InetAddressFactory] Is this a multicast interface? true
00:37:57.361 [DEBUG] [org.gradle.internal.remote.internal.inet.InetAddressFactory] Adding loopback multicast interface Microsoft IP-HTTPS Platform Adapter
00:37:57.361 [DEBUG] [org.gradle.internal.remote.internal.inet.InetAddressFactory] Adding IP addresses for network interface WAN Miniport (Network Monitor)
00:37:57.373 [DEBUG] [org.gradle.internal.remote.internal.inet.InetAddressFactory] Is this a loopback interface? false
00:37:57.381 [DEBUG] [org.gradle.internal.remote.internal.inet.InetAddressFactory] Is this a multicast interface? true
00:37:57.381 [DEBUG] [org.gradle.internal.remote.internal.inet.InetAddressFactory] Adding loopback multicast interface WAN Miniport (Network Monitor)
00:37:57.385 [DEBUG] [org.gradle.internal.remote.internal.inet.InetAddressFactory] Adding IP addresses for network interface Microsoft Wi-Fi Direct Virtual Adapter
00:37:57.393 [DEBUG] [org.gradle.internal.remote.internal.inet.InetAddressFactory] Is this a loopback interface? false
00:37:57.401 [DEBUG] [org.gradle.internal.remote.internal.inet.InetAddressFactory] Is this a multicast interface? true
00:37:57.405 [DEBUG] [org.gradle.internal.remote.internal.inet.InetAddressFactory] Adding remote address /fe80:0:0:0:c8d0:6142:a402:9fdd%wlan1
00:37:57.405 [DEBUG] [org.gradle.internal.remote.internal.inet.InetAddressFactory] Adding remote multicast interface Microsoft Wi-Fi Direct Virtual Adapter
00:37:57.405 [DEBUG] [org.gradle.internal.remote.internal.inet.InetAddressFactory] Adding IP addresses for network interface Intel(R) 82579LM Gigabit Network Connection
00:37:57.413 [DEBUG] [org.gradle.internal.remote.internal.inet.InetAddressFactory] Is this a loopback interface? false
00:37:57.425 [DEBUG] [org.gradle.internal.remote.internal.inet.InetAddressFactory] Is this a multicast interface? true
00:37:57.425 [DEBUG] [org.gradle.internal.remote.internal.inet.InetAddressFactory] Adding remote address /fe80:0:0:0:c113:9dae:d73d:48dd%eth1
00:37:57.425 [DEBUG] [org.gradle.internal.remote.internal.inet.InetAddressFactory] Adding remote multicast interface Intel(R) 82579LM Gigabit Network Connection
00:37:57.425 [DEBUG] [org.gradle.internal.remote.internal.inet.InetAddressFactory] Adding IP addresses for network interface WAN Miniport (IPv6)
00:37:57.437 [DEBUG] [org.gradle.internal.remote.internal.inet.InetAddressFactory] Is this a loopback interface? false
00:37:57.449 [DEBUG] [org.gradle.internal.remote.internal.inet.InetAddressFactory] Is this a multicast interface? true
00:37:57.449 [DEBUG] [org.gradle.internal.remote.internal.inet.InetAddressFactory] Adding loopback multicast interface WAN Miniport (IPv6)
00:37:57.449 [DEBUG] [org.gradle.internal.remote.internal.inet.InetAddressFactory] Adding IP addresses for network interface WAN Miniport (L2TP)
00:37:57.457 [DEBUG] [org.gradle.internal.remote.internal.inet.InetAddressFactory] Is this a loopback interface? false
00:37:57.465 [DEBUG] [org.gradle.internal.remote.internal.inet.InetAddressFactory] Is this a multicast interface? true
00:37:57.469 [DEBUG] [org.gradle.internal.remote.internal.inet.InetAddressFactory] Adding loopback multicast interface WAN Miniport (L2TP)
00:37:57.469 [DEBUG] [org.gradle.internal.remote.internal.inet.InetAddressFactory] Adding IP addresses for network interface Microsoft Wi-Fi Direct Virtual Adapter #2
00:37:57.477 [DEBUG] [org.gradle.internal.remote.internal.inet.InetAddressFactory] Is this a loopback interface? false
00:37:57.481 [DEBUG] [org.gradle.internal.remote.internal.inet.InetAddressFactory] Is this a multicast interface? true
00:37:57.485 [DEBUG] [org.gradle.internal.remote.internal.inet.InetAddressFactory] Adding remote address /fe80:0:0:0:d10:584:3a01:dbc%wlan2
00:37:57.485 [DEBUG] [org.gradle.internal.remote.internal.inet.InetAddressFactory] Adding remote multicast interface Microsoft Wi-Fi Direct Virtual Adapter #2
00:37:57.485 [DEBUG] [org.gradle.internal.remote.internal.inet.InetAddressFactory] Adding IP addresses for network interface Microsoft Teredo Tunneling Adapter
00:37:57.493 [DEBUG] [org.gradle.internal.remote.internal.inet.InetAddressFactory] Is this a loopback interface? false
00:37:57.501 [DEBUG] [org.gradle.internal.remote.internal.inet.InetAddressFactory] Is this a multicast interface? true
00:37:57.501 [DEBUG] [org.gradle.internal.remote.internal.inet.InetAddressFactory] Adding loopback multicast interface Microsoft Teredo Tunneling Adapter
00:37:57.501 [DEBUG] [org.gradle.internal.remote.internal.inet.InetAddressFactory] Adding IP addresses for network interface WAN Miniport (PPPOE)
00:37:57.509 [DEBUG] [org.gradle.internal.remote.internal.inet.InetAddressFactory] Is this a loopback interface? false
00:37:57.513 [DEBUG] [org.gradle.internal.remote.internal.inet.InetAddressFactory] Is this a multicast interface? true
00:37:57.513 [DEBUG] [org.gradle.internal.remote.internal.inet.InetAddressFactory] Adding loopback multicast interface WAN Miniport (PPPOE)
00:37:57.513 [DEBUG] [org.gradle.internal.remote.internal.inet.InetAddressFactory] Adding IP addresses for network interface WAN Miniport (IP)
00:37:57.521 [DEBUG] [org.gradle.internal.remote.internal.inet.InetAddressFactory] Is this a loopback interface? false
00:37:57.529 [DEBUG] [org.gradle.internal.remote.internal.inet.InetAddressFactory] Is this a multicast interface? true
00:37:57.529 [DEBUG] [org.gradle.internal.remote.internal.inet.InetAddressFactory] Adding loopback multicast interface WAN Miniport (IP)
00:37:57.529 [DEBUG] [org.gradle.internal.remote.internal.inet.InetAddressFactory] Adding IP addresses for network interface WAN Miniport (PPTP)
00:37:57.533 [DEBUG] [org.gradle.internal.remote.internal.inet.InetAddressFactory] Is this a loopback interface? false
00:37:57.541 [DEBUG] [org.gradle.internal.remote.internal.inet.InetAddressFactory] Is this a multicast interface? true
00:37:57.541 [DEBUG] [org.gradle.internal.remote.internal.inet.InetAddressFactory] Adding loopback multicast interface WAN Miniport (PPTP)
00:37:57.541 [DEBUG] [org.gradle.internal.remote.internal.inet.InetAddressFactory] Adding IP addresses for network interface Microsoft Kernel Debug Network Adapter
00:37:57.545 [DEBUG] [org.gradle.internal.remote.internal.inet.InetAddressFactory] Is this a loopback interface? false
00:37:57.553 [DEBUG] [org.gradle.internal.remote.internal.inet.InetAddressFactory] Is this a multicast interface? true
00:37:57.553 [DEBUG] [org.gradle.internal.remote.internal.inet.InetAddressFactory] Adding loopback multicast interface Microsoft Kernel Debug Network Adapter
00:37:57.553 [DEBUG] [org.gradle.internal.remote.internal.inet.InetAddressFactory] Adding IP addresses for network interface Bluetooth Device (Personal Area Network)
00:37:57.561 [DEBUG] [org.gradle.internal.remote.internal.inet.InetAddressFactory] Is this a loopback interface? false
00:37:57.565 [DEBUG] [org.gradle.internal.remote.internal.inet.InetAddressFactory] Is this a multicast interface? true
00:37:57.565 [DEBUG] [org.gradle.internal.remote.internal.inet.InetAddressFactory] Adding remote address /fe80:0:0:0:f9f6:97d3:1c6a:b5a6%eth5
00:37:57.565 [DEBUG] [org.gradle.internal.remote.internal.inet.InetAddressFactory] Adding remote multicast interface Bluetooth Device (Personal Area Network)
00:37:57.565 [DEBUG] [org.gradle.internal.remote.internal.inet.InetAddressFactory] Adding IP addresses for network interface Intel(R) 82579LM Gigabit Network Connection-WFP Native MAC Layer LightWeight Filter-0000
00:37:57.573 [DEBUG] [org.gradle.internal.remote.internal.inet.InetAddressFactory] Is this a loopback interface? false
00:37:57.577 [DEBUG] [org.gradle.internal.remote.internal.inet.InetAddressFactory] Is this a multicast interface? true
00:37:57.581 [DEBUG] [org.gradle.internal.remote.internal.inet.InetAddressFactory] Adding loopback multicast interface Intel(R) 82579LM Gigabit Network Connection-WFP Native MAC Layer LightWeight Filter-0000
00:37:57.581 [DEBUG] [org.gradle.internal.remote.internal.inet.InetAddressFactory] Adding IP addresses for network interface Intel(R) 82579LM Gigabit Network Connection-QoS Packet Scheduler-0000
00:37:57.585 [DEBUG] [org.gradle.internal.remote.internal.inet.InetAddressFactory] Is this a loopback interface? false
00:37:57.589 [DEBUG] [org.gradle.internal.remote.internal.inet.InetAddressFactory] Is this a multicast interface? true
00:37:57.589 [DEBUG] [org.gradle.internal.remote.internal.inet.InetAddressFactory] Adding loopback multicast interface Intel(R) 82579LM Gigabit Network Connection-QoS Packet Scheduler-0000
00:37:57.589 [DEBUG] [org.gradle.internal.remote.internal.inet.InetAddressFactory] Adding IP addresses for network interface Intel(R) 82579LM Gigabit Network Connection-WFP 802.3 MAC Layer LightWeight Filter-0000
00:37:57.597 [DEBUG] [org.gradle.internal.remote.internal.inet.InetAddressFactory] Is this a loopback interface? false
00:37:57.601 [DEBUG] [org.gradle.internal.remote.internal.inet.InetAddressFactory] Is this a multicast interface? true
00:37:57.601 [DEBUG] [org.gradle.internal.remote.internal.inet.InetAddressFactory] Adding loopback multicast interface Intel(R) 82579LM Gigabit Network Connection-WFP 802.3 MAC Layer LightWeight Filter-0000
00:37:57.601 [DEBUG] [org.gradle.internal.remote.internal.inet.InetAddressFactory] Adding IP addresses for network interface Intel(R) Centrino(R) Advanced-N 6205-WFP Native MAC Layer LightWeight Filter-0000
00:37:57.609 [DEBUG] [org.gradle.internal.remote.internal.inet.InetAddressFactory] Is this a loopback interface? false
00:37:57.617 [DEBUG] [org.gradle.internal.remote.internal.inet.InetAddressFactory] Is this a multicast interface? true
00:37:57.617 [DEBUG] [org.gradle.internal.remote.internal.inet.InetAddressFactory] Adding loopback multicast interface Intel(R) Centrino(R) Advanced-N 6205-WFP Native MAC Layer LightWeight Filter-0000
00:37:57.617 [DEBUG] [org.gradle.internal.remote.internal.inet.InetAddressFactory] Adding IP addresses for network interface Intel(R) Centrino(R) Advanced-N 6205-Virtual WiFi Filter Driver-0000
00:37:57.621 [DEBUG] [org.gradle.internal.remote.internal.inet.InetAddressFactory] Is this a loopback interface? false
00:37:57.629 [DEBUG] [org.gradle.internal.remote.internal.inet.InetAddressFactory] Is this a multicast interface? true
00:37:57.629 [DEBUG] [org.gradle.internal.remote.internal.inet.InetAddressFactory] Adding loopback multicast interface Intel(R) Centrino(R) Advanced-N 6205-Virtual WiFi Filter Driver-0000
00:37:57.629 [DEBUG] [org.gradle.internal.remote.internal.inet.InetAddressFactory] Adding IP addresses for network interface Intel(R) Centrino(R) Advanced-N 6205-Native WiFi Filter Driver-0000
00:37:57.637 [DEBUG] [org.gradle.internal.remote.internal.inet.InetAddressFactory] Is this a loopback interface? false
00:37:57.641 [DEBUG] [org.gradle.internal.remote.internal.inet.InetAddressFactory] Is this a multicast interface? true
00:37:57.641 [DEBUG] [org.gradle.internal.remote.internal.inet.InetAddressFactory] Adding loopback multicast interface Intel(R) Centrino(R) Advanced-N 6205-Native WiFi Filter Driver-0000
00:37:57.641 [DEBUG] [org.gradle.internal.remote.internal.inet.InetAddressFactory] Adding IP addresses for network interface Intel(R) Centrino(R) Advanced-N 6205-QoS Packet Scheduler-0000
00:37:57.649 [DEBUG] [org.gradle.internal.remote.internal.inet.InetAddressFactory] Is this a loopback interface? false
00:37:57.653 [DEBUG] [org.gradle.internal.remote.internal.inet.InetAddressFactory] Is this a multicast interface? true
00:37:57.653 [DEBUG] [org.gradle.internal.remote.internal.inet.InetAddressFactory] Adding loopback multicast interface Intel(R) Centrino(R) Advanced-N 6205-QoS Packet Scheduler-0000
00:37:57.653 [DEBUG] [org.gradle.internal.remote.internal.inet.InetAddressFactory] Adding IP addresses for network interface Intel(R) Centrino(R) Advanced-N 6205-WFP 802.3 MAC Layer LightWeight Filter-0000
00:37:57.661 [DEBUG] [org.gradle.internal.remote.internal.inet.InetAddressFactory] Is this a loopback interface? false
00:37:57.665 [DEBUG] [org.gradle.internal.remote.internal.inet.InetAddressFactory] Is this a multicast interface? true
00:37:57.665 [DEBUG] [org.gradle.internal.remote.internal.inet.InetAddressFactory] Adding loopback multicast interface Intel(R) Centrino(R) Advanced-N 6205-WFP 802.3 MAC Layer LightWeight Filter-0000
00:37:57.665 [DEBUG] [org.gradle.internal.remote.internal.inet.InetAddressFactory] Adding IP addresses for network interface Microsoft Wi-Fi Direct Virtual Adapter-WFP Native MAC Layer LightWeight Filter-0000
00:37:57.673 [DEBUG] [org.gradle.internal.remote.internal.inet.InetAddressFactory] Is this a loopback interface? false
00:37:57.677 [DEBUG] [org.gradle.internal.remote.internal.inet.InetAddressFactory] Is this a multicast interface? true
00:37:57.677 [DEBUG] [org.gradle.internal.remote.internal.inet.InetAddressFactory] Adding loopback multicast interface Microsoft Wi-Fi Direct Virtual Adapter-WFP Native MAC Layer LightWeight Filter-0000
00:37:57.681 [DEBUG] [org.gradle.internal.remote.internal.inet.InetAddressFactory] Adding IP addresses for network interface Microsoft Wi-Fi Direct Virtual Adapter-Native WiFi Filter Driver-0000
00:37:57.685 [DEBUG] [org.gradle.internal.remote.internal.inet.InetAddressFactory] Is this a loopback interface? false
00:37:57.693 [DEBUG] [org.gradle.internal.remote.internal.inet.InetAddressFactory] Is this a multicast interface? true
00:37:57.693 [DEBUG] [org.gradle.internal.remote.internal.inet.InetAddressFactory] Adding loopback multicast interface Microsoft Wi-Fi Direct Virtual Adapter-Native WiFi Filter Driver-0000
00:37:57.693 [DEBUG] [org.gradle.internal.remote.internal.inet.InetAddressFactory] Adding IP addresses for network interface Microsoft Wi-Fi Direct Virtual Adapter-QoS Packet Scheduler-0000
00:37:57.701 [DEBUG] [org.gradle.internal.remote.internal.inet.InetAddressFactory] Is this a loopback interface? false
00:37:57.709 [DEBUG] [org.gradle.internal.remote.internal.inet.InetAddressFactory] Is this a multicast interface? true
00:37:57.709 [DEBUG] [org.gradle.internal.remote.internal.inet.InetAddressFactory] Adding loopback multicast interface Microsoft Wi-Fi Direct Virtual Adapter-QoS Packet Scheduler-0000
00:37:57.709 [DEBUG] [org.gradle.internal.remote.internal.inet.InetAddressFactory] Adding IP addresses for network interface Microsoft Wi-Fi Direct Virtual Adapter-WFP 802.3 MAC Layer LightWeight Filter-0000
00:37:57.717 [DEBUG] [org.gradle.internal.remote.internal.inet.InetAddressFactory] Is this a loopback interface? false
00:37:57.721 [DEBUG] [org.gradle.internal.remote.internal.inet.InetAddressFactory] Is this a multicast interface? true
00:37:57.721 [DEBUG] [org.gradle.internal.remote.internal.inet.InetAddressFactory] Adding loopback multicast interface Microsoft Wi-Fi Direct Virtual Adapter-WFP 802.3 MAC Layer LightWeight Filter-0000
00:37:57.721 [DEBUG] [org.gradle.internal.remote.internal.inet.InetAddressFactory] Adding IP addresses for network interface WAN Miniport (IP)-WFP Native MAC Layer LightWeight Filter-0000
00:37:57.729 [DEBUG] [org.gradle.internal.remote.internal.inet.InetAddressFactory] Is this a loopback interface? false
00:37:57.737 [DEBUG] [org.gradle.internal.remote.internal.inet.InetAddressFactory] Is this a multicast interface? true
00:37:57.737 [DEBUG] [org.gradle.internal.remote.internal.inet.InetAddressFactory] Adding loopback multicast interface WAN Miniport (IP)-WFP Native MAC Layer LightWeight Filter-0000
00:37:57.737 [DEBUG] [org.gradle.internal.remote.internal.inet.InetAddressFactory] Adding IP addresses for network interface WAN Miniport (IP)-QoS Packet Scheduler-0000
00:37:57.741 [DEBUG] [org.gradle.internal.remote.internal.inet.InetAddressFactory] Is this a loopback interface? false
00:37:57.749 [DEBUG] [org.gradle.internal.remote.internal.inet.InetAddressFactory] Is this a multicast interface? true
00:37:57.749 [DEBUG] [org.gradle.internal.remote.internal.inet.InetAddressFactory] Adding loopback multicast interface WAN Miniport (IP)-QoS Packet Scheduler-0000
00:37:57.749 [DEBUG] [org.gradle.internal.remote.internal.inet.InetAddressFactory] Adding IP addresses for network interface WAN Miniport (IPv6)-WFP Native MAC Layer LightWeight Filter-0000
00:37:57.753 [DEBUG] [org.gradle.internal.remote.internal.inet.InetAddressFactory] Is this a loopback interface? false
00:37:57.761 [DEBUG] [org.gradle.internal.remote.internal.inet.InetAddressFactory] Is this a multicast interface? true
00:37:57.761 [DEBUG] [org.gradle.internal.remote.internal.inet.InetAddressFactory] Adding loopback multicast interface WAN Miniport (IPv6)-WFP Native MAC Layer LightWeight Filter-0000
00:37:57.761 [DEBUG] [org.gradle.internal.remote.internal.inet.InetAddressFactory] Adding IP addresses for network interface WAN Miniport (IPv6)-QoS Packet Scheduler-0000
00:37:57.769 [DEBUG] [org.gradle.internal.remote.internal.inet.InetAddressFactory] Is this a loopback interface? false
00:37:57.773 [DEBUG] [org.gradle.internal.remote.internal.inet.InetAddressFactory] Is this a multicast interface? true
00:37:57.773 [DEBUG] [org.gradle.internal.remote.internal.inet.InetAddressFactory] Adding loopback multicast interface WAN Miniport (IPv6)-QoS Packet Scheduler-0000
00:37:57.773 [DEBUG] [org.gradle.internal.remote.internal.inet.InetAddressFactory] Adding IP addresses for network interface WAN Miniport (Network Monitor)-WFP Native MAC Layer LightWeight Filter-0000
00:37:57.781 [DEBUG] [org.gradle.internal.remote.internal.inet.InetAddressFactory] Is this a loopback interface? false
00:37:57.785 [DEBUG] [org.gradle.internal.remote.internal.inet.InetAddressFactory] Is this a multicast interface? true
00:37:57.785 [DEBUG] [org.gradle.internal.remote.internal.inet.InetAddressFactory] Adding loopback multicast interface WAN Miniport (Network Monitor)-WFP Native MAC Layer LightWeight Filter-0000
00:37:57.785 [DEBUG] [org.gradle.internal.remote.internal.inet.InetAddressFactory] Adding IP addresses for network interface WAN Miniport (Network Monitor)-QoS Packet Scheduler-0000
00:37:57.789 [DEBUG] [org.gradle.internal.remote.internal.inet.InetAddressFactory] Is this a loopback interface? false
00:37:57.797 [DEBUG] [org.gradle.internal.remote.internal.inet.InetAddressFactory] Is this a multicast interface? true
00:37:57.797 [DEBUG] [org.gradle.internal.remote.internal.inet.InetAddressFactory] Adding loopback multicast interface WAN Miniport (Network Monitor)-QoS Packet Scheduler-0000
00:37:57.801 [DEBUG] [org.gradle.internal.remote.internal.inet.InetAddressFactory] Adding IP addresses for network interface Microsoft Wi-Fi Direct Virtual Adapter #2-WFP Native MAC Layer LightWeight Filter-0000
00:37:57.805 [DEBUG] [org.gradle.internal.remote.internal.inet.InetAddressFactory] Is this a loopback interface? false
00:37:57.813 [DEBUG] [org.gradle.internal.remote.internal.inet.InetAddressFactory] Is this a multicast interface? true
00:37:57.813 [DEBUG] [org.gradle.internal.remote.internal.inet.InetAddressFactory] Adding loopback multicast interface Microsoft Wi-Fi Direct Virtual Adapter #2-WFP Native MAC Layer LightWeight Filter-0000
00:37:57.813 [DEBUG] [org.gradle.internal.remote.internal.inet.InetAddressFactory] Adding IP addresses for network interface Microsoft Wi-Fi Direct Virtual Adapter #2-Native WiFi Filter Driver-0000
00:37:57.821 [DEBUG] [org.gradle.internal.remote.internal.inet.InetAddressFactory] Is this a loopback interface? false
00:37:57.829 [DEBUG] [org.gradle.internal.remote.internal.inet.InetAddressFactory] Is this a multicast interface? true
00:37:57.829 [DEBUG] [org.gradle.internal.remote.internal.inet.InetAddressFactory] Adding loopback multicast interface Microsoft Wi-Fi Direct Virtual Adapter #2-Native WiFi Filter Driver-0000
00:37:57.829 [DEBUG] [org.gradle.internal.remote.internal.inet.InetAddressFactory] Adding IP addresses for network interface Microsoft Wi-Fi Direct Virtual Adapter #2-QoS Packet Scheduler-0000
00:37:57.833 [DEBUG] [org.gradle.internal.remote.internal.inet.InetAddressFactory] Is this a loopback interface? false
00:37:57.841 [DEBUG] [org.gradle.internal.remote.internal.inet.InetAddressFactory] Is this a multicast interface? true
00:37:57.845 [DEBUG] [org.gradle.internal.remote.internal.inet.InetAddressFactory] Adding loopback multicast interface Microsoft Wi-Fi Direct Virtual Adapter #2-QoS Packet Scheduler-0000
00:37:57.845 [DEBUG] [org.gradle.internal.remote.internal.inet.InetAddressFactory] Adding IP addresses for network interface Microsoft Wi-Fi Direct Virtual Adapter #2-WFP 802.3 MAC Layer LightWeight Filter-0000
00:37:57.849 [DEBUG] [org.gradle.internal.remote.internal.inet.InetAddressFactory] Is this a loopback interface? false
00:37:57.853 [DEBUG] [org.gradle.internal.remote.internal.inet.InetAddressFactory] Is this a multicast interface? true
00:37:57.857 [DEBUG] [org.gradle.internal.remote.internal.inet.InetAddressFactory] Adding loopback multicast interface Microsoft Wi-Fi Direct Virtual Adapter #2-WFP 802.3 MAC Layer LightWeight Filter-0000
00:37:57.865 [DEBUG] [org.gradle.internal.remote.internal.inet.TcpIncomingConnector] Listening on [f4a237b9-938f-45df-916e-78e2e7e14c72 port:51017, addresses:[/127.0.0.1, /0:0:0:0:0:0:0:1]].
00:37:57.873 [DEBUG] [org.gradle.launcher.daemon.server.Daemon] Daemon starting at: Fri Nov 16 00:37:57 MSK 2018, with address: [f4a237b9-938f-45df-916e-78e2e7e14c72 port:51017, addresses:[/127.0.0.1, /0:0:0:0:0:0:0:1]]
00:37:57.873 [INFO] [org.gradle.launcher.daemon.server.DomainRegistryUpdater] Advertising the daemon address to the clients: [f4a237b9-938f-45df-916e-78e2e7e14c72 port:51017, addresses:[/127.0.0.1, /0:0:0:0:0:0:0:1]]
00:37:57.873 [DEBUG] [org.gradle.launcher.daemon.server.DomainRegistryUpdater] Advertised daemon context: DefaultDaemonContext[uid=a011fad1-5d0f-4a0b-abc9-0a6a4a9f75a2,javaHome=C:\Program Files\Java\jdk1.8.0_181,daemonRegistryDir=C:\Project\DropGame\daemon,pid=1348,idleTimeout=60000,daemonOpts=-Xms128m,-Xmx1500m,-Dfile.encoding=windows-1251,-Duser.country=RU,-Duser.language=ru,-Duser.variant]
00:37:57.877 [DEBUG] [org.gradle.launcher.daemon.registry.PersistentDaemonRegistry] Storing daemon address: [f4a237b9-938f-45df-916e-78e2e7e14c72 port:51017, addresses:[/127.0.0.1, /0:0:0:0:0:0:0:1]], context: DefaultDaemonContext[uid=a011fad1-5d0f-4a0b-abc9-0a6a4a9f75a2,javaHome=C:\Program Files\Java\jdk1.8.0_181,daemonRegistryDir=C:\Project\DropGame\daemon,pid=1348,idleTimeout=60000,daemonOpts=-Xms128m,-Xmx1500m,-Dfile.encoding=windows-1251,-Duser.country=RU,-Duser.language=ru,-Duser.variant]
00:37:57.901 [DEBUG] [org.gradle.cache.internal.DefaultFileLockManager] Waiting to acquire exclusive lock on daemon addresses registry.
00:37:57.905 [DEBUG] [org.gradle.cache.internal.DefaultFileLockManager] Lock acquired.
00:37:57.909 [DEBUG] [org.gradle.cache.internal.DefaultFileLockManager] Releasing lock on daemon addresses registry.
00:37:57.913 [DEBUG] [org.gradle.cache.internal.DefaultFileLockManager] Waiting to acquire exclusive lock on daemon addresses registry.
00:37:57.913 [DEBUG] [org.gradle.cache.internal.DefaultFileLockManager] Lock acquired.
00:37:57.953 [DEBUG] [org.gradle.cache.internal.DefaultFileLockManager] Releasing lock on daemon addresses registry.
00:37:57.957 [LIFECYCLE] [org.gradle.launcher.daemon.server.Daemon] Daemon server started.
00:37:57.961 [DEBUG] [org.gradle.launcher.daemon.bootstrap.DaemonStartupCommunication] Completed writing the daemon greeting. Closing streams...
00:37:57.969 [DEBUG] [org.gradle.launcher.daemon.server.Daemon] stopOnExpiration() called on daemon
00:37:57.969 [DEBUG] [org.gradle.launcher.daemon.server.Daemon] awaitExpiration() called on daemon
00:37:57.973 [DEBUG] [org.gradle.launcher.daemon.server.DaemonStateCoordinator] daemon is running. Sleeping until state changes.
00:37:58.013 [DEBUG] [org.gradle.internal.remote.internal.inet.TcpIncomingConnector] Accepted connection from /127.0.0.1:51018 to /127.0.0.1:51017.
00:37:58.241 [DEBUG] [org.gradle.launcher.daemon.server.SynchronizedDispatchConnection] thread 16: received class org.gradle.launcher.daemon.protocol.Build
00:37:58.241 [DEBUG] [org.gradle.launcher.daemon.server.DefaultDaemonConnection] thread 16: Received non-IO message from client: Build{id=c527887f-f1ec-4b88-9307-9681e2669ec6.1, currentDir=C:\Project\RunnerGame}
00:37:58.241 [INFO] [org.gradle.launcher.daemon.server.DefaultIncomingConnectionHandler] Received command: Build{id=c527887f-f1ec-4b88-9307-9681e2669ec6.1, currentDir=C:\Project\RunnerGame}.
00:37:58.241 [DEBUG] [org.gradle.launcher.daemon.server.DefaultIncomingConnectionHandler] Starting executing command: Build{id=c527887f-f1ec-4b88-9307-9681e2669ec6.1, currentDir=C:\Project\RunnerGame} with connection: socket connection from /127.0.0.1:51017 to /127.0.0.1:51018.
00:37:58.253 [DEBUG] [org.gradle.launcher.daemon.server.DaemonStateCoordinator] Command execution: started DaemonCommandExecution[command = Build{id=c527887f-f1ec-4b88-9307-9681e2669ec6.1, currentDir=C:\Project\RunnerGame}, connection = org.gradle.launcher.daemon.server.DefaultDaemonConnection@42925cff] after 0.0 minutes of idle
00:37:58.253 [INFO] [org.gradle.launcher.daemon.server.DomainRegistryUpdater] Marking the daemon as busy, address: [f4a237b9-938f-45df-916e-78e2e7e14c72 port:51017, addresses:[/127.0.0.1, /0:0:0:0:0:0:0:1]]
00:37:58.253 [DEBUG] [org.gradle.launcher.daemon.registry.PersistentDaemonRegistry] Marking busy by address: [f4a237b9-938f-45df-916e-78e2e7e14c72 port:51017, addresses:[/127.0.0.1, /0:0:0:0:0:0:0:1]]
00:37:58.257 [DEBUG] [org.gradle.cache.internal.DefaultFileLockManager] Waiting to acquire exclusive lock on daemon addresses registry.
00:37:58.257 [DEBUG] [org.gradle.cache.internal.DefaultFileLockManager] Lock acquired.
00:37:58.269 [DEBUG] [org.gradle.cache.internal.DefaultFileLockManager] Releasing lock on daemon addresses registry.
00:37:58.269 [DEBUG] [org.gradle.launcher.daemon.server.DaemonStateCoordinator] updating lastActivityAt to 1542317878269
00:37:58.269 [DEBUG] [org.gradle.launcher.daemon.server.DaemonStateCoordinator] daemon is running. Sleeping until state changes.
00:37:58.269 [INFO] [org.gradle.launcher.daemon.server.exec.StartBuildOrRespondWithBusy] Daemon is about to start building Build{id=c527887f-f1ec-4b88-9307-9681e2669ec6.1, currentDir=C:\Project\RunnerGame}. Dispatching build started information...
00:37:58.269 [DEBUG] [org.gradle.launcher.daemon.server.SynchronizedDispatchConnection] thread 18: dispatching class org.gradle.launcher.daemon.protocol.BuildStarted
00:37:58.273 [DEBUG] [org.gradle.launcher.daemon.server.exec.EstablishBuildEnvironment] Configuring env variables: {USERDOMAIN_ROAMINGPROFILE=DESKTOP-99G2IHE, LOCALAPPDATA=C:\Users\Admin\AppData\Local, PROCESSOR_LEVEL=6, USERDOMAIN=DESKTOP-99G2IHE, FPS_BROWSER_APP_PROFILE_STRING=Internet Explorer, LOGONSERVER=\\DESKTOP-99G2IHE, SESSIONNAME=Console, ALLUSERSPROFILE=C:\ProgramData, PROCESSOR_ARCHITECTURE=AMD64, PSModulePath=C:\Program Files\WindowsPowerShell\Modules;C:\WINDOWS\system32\WindowsPowerShell\v1.0\Modules, SystemDrive=C:, OneDrive=C:\Users\Admin\OneDrive, APPDATA=C:\Users\Admin\AppData\Roaming, USERNAME=Admin, ProgramFiles(x86)=C:\Program Files (x86), CommonProgramFiles=C:\Program Files\Common Files, Path=C:\Program Files (x86)\Common Files\Oracle\Java\javapath;C:\WINDOWS\system32;C:\WINDOWS;C:\WINDOWS\System32\Wbem;C:\WINDOWS\System32\WindowsPowerShell\v1.0\;C:\WINDOWS\System32\OpenSSH\;C:\Program Files\Git\cmd;C:\Users\Admin\AppData\Local\Microsoft\WindowsApps;, FPS_BROWSER_USER_PROFILE_STRING=Default, PATHEXT=.COM;.EXE;.BAT;.CMD;.VBS;.VBE;.JS;.JSE;.WSF;.WSH;.MSC, DriverData=C:\Windows\System32\Drivers\DriverData, OS=Windows_NT, COMPUTERNAME=DESKTOP-99G2IHE, PROCESSOR_REVISION=3a09, CommonProgramW6432=C:\Program Files\Common Files, ComSpec=C:\WINDOWS\system32\cmd.exe, ProgramData=C:\ProgramData, ProgramW6432=C:\Program Files, HOMEPATH=\Users\Admin, SystemRoot=C:\WINDOWS, TEMP=C:\Users\Admin\AppData\Local\Temp, HOMEDRIVE=C:, PROCESSOR_IDENTIFIER=Intel64 Family 6 Model 58 Stepping 9, GenuineIntel, USERPROFILE=C:\Users\Admin, TMP=C:\Users\Admin\AppData\Local\Temp, CommonProgramFiles(x86)=C:\Program Files (x86)\Common Files, ProgramFiles=C:\Program Files, PUBLIC=C:\Users\Public, NUMBER_OF_PROCESSORS=4, windir=C:\WINDOWS, =::=::\}
00:37:58.289 [DEBUG] [org.gradle.launcher.daemon.server.SynchronizedDispatchConnection] thread 16: received class org.gradle.launcher.daemon.protocol.CloseInput
00:37:58.289 [DEBUG] [org.gradle.launcher.daemon.server.DefaultDaemonConnection] thread 16: Received IO message from client: org.gradle.launcher.daemon.protocol.CloseInput@2c9c3be9
00:37:58.293 [DEBUG] [org.gradle.launcher.daemon.server.exec.LogToClient] About to start relaying all logs to the client via the connection.
00:37:58.293 [INFO] [org.gradle.launcher.daemon.server.exec.LogToClient] The client will now receive all logging from the daemon (pid: 1348). The daemon log file: C:\Project\DropGame\daemon\2.14.1\daemon-1348.out.log
00:37:58.301 [INFO] [org.gradle.launcher.daemon.server.health.DaemonHealthTracker] Starting build in new daemon [memory: 1,4 GB]
00:37:58.305 [INFO] [org.gradle.launcher.daemon.server.exec.ForwardClientInput] Closing daemon's stdin at end of input.
00:37:58.305 [INFO] [org.gradle.launcher.daemon.server.exec.ForwardClientInput] The daemon will no longer process any standard input.
00:37:58.313 [DEBUG] [org.gradle.launcher.daemon.server.exec.ExecuteBuild] The daemon has started executing the build.
00:37:58.313 [INFO] [org.gradle.launcher.daemon.server.exec.ExecuteBuild] Executing build with daemon context: DefaultDaemonContext[uid=a011fad1-5d0f-4a0b-abc9-0a6a4a9f75a2,javaHome=C:\Program Files\Java\jdk1.8.0_181,daemonRegistryDir=C:\Project\DropGame\daemon,pid=1348,idleTimeout=60000,daemonOpts=-Xms128m,-Xmx1500m,-Dfile.encoding=windows-1251,-Duser.country=RU,-Duser.language=ru,-Duser.variant]

CONFIGURE SUCCESSFUL

Total time: 15.72 secs
Could not resolve: com.badlogicgames.gdx:gdx-freetype:1.9.7
Could not resolve: com.badlogicgames.gdx:gdx:1.9.7
Could not resolve: com.badlogicgames.gdx:gdx-backend-lwjgl:1.9.7
Could not resolve: com.badlogicgames.gdx:gdx-freetype-platform:1.9.7
Could not resolve: com.badlogicgames.gdx:gdx-platform:1.9.7
The Test.testSrcDirs property has been deprecated and is scheduled to be removed in Gradle 3.0. Support for TestNG Javadoc annotations will be removed in Gradle 3.0.
00:38:08.662 [DEBUG] [org.gradle.api.internal.artifacts.ivyservice.ivyresolve.memcache.InMemoryCachedRepositoryFactory] In-memory dependency metadata cache closed. Repos cached: 128, cache instances: 4, modules served from cache: 40, artifacts: 0
00:38:08.670 [DEBUG] [org.gradle.api.internal.artifacts.ivyservice.resolveengine.store.CachedStoreFactory] Resolution result cache closed. Cache reads: 0, disk reads: 0 (avg: 0.0 secs, total: 0.0 secs)
00:38:08.678 [DEBUG] [org.gradle.api.internal.artifacts.ivyservice.resolveengine.store.CachedStoreFactory] Resolution result cache closed. Cache reads: 56, disk reads: 12 (avg: 0.002 secs, total: 0.028 secs)
00:38:08.678 [DEBUG] [org.gradle.api.internal.artifacts.ivyservice.resolveengine.store.ResolutionResultsStoreFactory] Deleted 2 resolution results binary files in 0.016 secs
00:38:08.678 [DEBUG] [org.gradle.cache.internal.DefaultCacheAccess] Cache Generated Gradle JARs cache (C:\Project\DropGame\caches\2.14.1\generated-gradle-jars) was closed 0 times.
00:38:08.678 [DEBUG] [org.gradle.cache.internal.btree.BTreePersistentIndexedCache] Closing cache module-metadata.bin (C:\Project\DropGame\caches\modules-2\metadata-2.16\module-metadata.bin)
00:38:08.686 [DEBUG] [org.gradle.cache.internal.DefaultFileLockManager] Releasing lock on artifact cache (C:\Project\DropGame\caches\modules-2).
00:38:08.686 [DEBUG] [org.gradle.cache.internal.DefaultCacheAccess] Cache Plugin Resolution Cache (C:\Project\DropGame\caches\2.14.1\plugin-resolution) was closed 0 times.
00:38:08.690 [DEBUG] [org.gradle.api.internal.tasks.compile.daemon.CompilerDaemonManager] Stopping 0 compiler daemon(s).
00:38:08.690 [INFO] [org.gradle.api.internal.tasks.compile.daemon.CompilerDaemonManager] Stopped 0 compiler daemon(s).
00:38:08.690 [DEBUG] [org.gradle.cache.internal.DefaultFileLockManager] Releasing lock on jars (C:\Project\DropGame\caches\jars-1).
00:38:08.690 [DEBUG] [org.gradle.launcher.daemon.server.exec.ExecuteBuild] The daemon has finished executing the build.
00:38:08.694 [DEBUG] [org.gradle.launcher.daemon.server.health.DaemonStatus] GC rate: 0,16/s tenured usage: 1%
00:38:09.110 [DEBUG] [org.gradle.launcher.daemon.server.DaemonStateCoordinator] daemon is running. Sleeping until state changes.
00:38:09.110 [DEBUG] [org.gradle.launcher.daemon.server.DaemonStateCoordinator] Command execution: finished waiting for DaemonCommandExecution[command = Build{id=c527887f-f1ec-4b88-9307-9681e2669ec6.1, currentDir=C:\Project\RunnerGame}, connection = org.gradle.launcher.daemon.server.DefaultDaemonConnection@42925cff]. Result org.gradle.launcher.daemon.server.DaemonStateCoordinator@ec8cd88 with state Running
00:38:09.110 [DEBUG] [org.gradle.launcher.daemon.server.DaemonStateCoordinator] Command execution: completed DaemonCommandExecution[command = Build{id=c527887f-f1ec-4b88-9307-9681e2669ec6.1, currentDir=C:\Project\RunnerGame}, connection = org.gradle.launcher.daemon.server.DefaultDaemonConnection@42925cff]
00:38:09.110 [DEBUG] [org.gradle.launcher.daemon.server.DaemonStateCoordinator] updating lastActivityAt to 1542317889110
00:38:09.110 [INFO] [org.gradle.launcher.daemon.server.DomainRegistryUpdater] Marking the daemon as idle, address: [f4a237b9-938f-45df-916e-78e2e7e14c72 port:51017, addresses:[/127.0.0.1, /0:0:0:0:0:0:0:1]]
00:38:09.110 [DEBUG] [org.gradle.launcher.daemon.registry.PersistentDaemonRegistry] Marking idle by address: [f4a237b9-938f-45df-916e-78e2e7e14c72 port:51017, addresses:[/127.0.0.1, /0:0:0:0:0:0:0:1]]
00:38:09.114 [DEBUG] [org.gradle.cache.internal.DefaultFileLockManager] Waiting to acquire exclusive lock on daemon addresses registry.
00:38:09.114 [DEBUG] [org.gradle.cache.internal.DefaultFileLockManager] Lock acquired.
00:38:09.122 [DEBUG] [org.gradle.cache.internal.DefaultFileLockManager] Releasing lock on daemon addresses registry.
00:38:09.126 [DEBUG] [org.gradle.launcher.daemon.server.DaemonStateCoordinator] daemon is running. Sleeping until state changes.
00:38:09.126 [DEBUG] [org.gradle.launcher.daemon.server.exec.ReturnResult] Daemon is dispatching the build result: Success[value=org.gradle.tooling.internal.provider.BuildActionResult@49795a7f]
00:38:09.126 [DEBUG] [org.gradle.launcher.daemon.server.SynchronizedDispatchConnection] thread 15: dispatching class org.gradle.launcher.daemon.protocol.Success
00:38:09.146 [DEBUG] [org.gradle.launcher.daemon.server.DefaultIncomingConnectionHandler] Finishing executing command: Build{id=c527887f-f1ec-4b88-9307-9681e2669ec6.1, currentDir=C:\Project\RunnerGame}
00:38:09.174 [DEBUG] [org.gradle.launcher.daemon.server.SynchronizedDispatchConnection] thread 16: received class org.gradle.launcher.daemon.protocol.Finished
00:38:09.174 [DEBUG] [org.gradle.launcher.daemon.server.DefaultDaemonConnection] thread 16: Received non-IO message from client: org.gradle.launcher.daemon.protocol.Finished@47bf89bc
00:38:09.178 [DEBUG] [org.gradle.internal.remote.internal.inet.SocketConnection] Discarding EOFException: java.io.EOFException
00:38:09.178 [DEBUG] [org.gradle.launcher.daemon.server.SynchronizedDispatchConnection] thread 16: received null
00:38:09.178 [DEBUG] [org.gradle.launcher.daemon.server.DefaultDaemonConnection] thread 16: Received end-of-input from client.
00:38:09.182 [DEBUG] [org.gradle.launcher.daemon.server.DefaultIncomingConnectionHandler] Received finished message: null
00:38:09.182 [DEBUG] [org.gradle.launcher.daemon.server.SynchronizedDispatchConnection] thread 15: stopping connection
00:38:09.190 [DEBUG] [org.gradle.launcher.daemon.server.SynchronizedDispatchConnection] thread 15: stopping connection
00:38:57.974 [DEBUG] [org.gradle.launcher.daemon.server.Daemon] DaemonExpirationPeriodicCheck running
00:38:57.974 [DEBUG] [org.gradle.launcher.daemon.server.health.DaemonStatus] GC rate: 0.0/s
00:38:57.974 [INFO] [org.gradle.launcher.daemon.server.DaemonIdleTimeoutExpirationStrategy] Idle timeout: daemon has been idle for 48864 milliseconds. Expiring.
00:38:57.978 [INFO] [org.gradle.launcher.daemon.server.Daemon] Daemon expiration criteria met, requesting stop
00:38:57.978 [LIFECYCLE] [org.gradle.launcher.daemon.server.Daemon] Daemon stopping because daemon has been idle for 48864 milliseconds and Free system memory (632119296 bytes) is below threshold of 795586560 bytes
00:38:57.978 [DEBUG] [org.gradle.launcher.daemon.server.DaemonStateCoordinator] Stop as soon as idle requested. The daemon is busy: false
00:38:57.978 [DEBUG] [org.gradle.launcher.daemon.server.DaemonStateCoordinator] Marking daemon stopped due to stop requested and daemon idle. The daemon is running a build: false
00:38:57.978 [DEBUG] [org.gradle.launcher.daemon.server.DaemonStateCoordinator] daemon has stopped.
00:38:57.978 [DEBUG] [org.gradle.launcher.daemon.server.Daemon] stop() called on daemon
00:38:57.982 [INFO] [org.gradle.launcher.daemon.server.Daemon] Stop requested. Daemon is removing its presence from the registry...
00:38:57.982 [DEBUG] [org.gradle.launcher.daemon.server.DomainRegistryUpdater] Removing our presence to clients, eg. removing this address from the registry: [f4a237b9-938f-45df-916e-78e2e7e14c72 port:51017, addresses:[/127.0.0.1, /0:0:0:0:0:0:0:1]]
00:38:57.982 [DEBUG] [org.gradle.launcher.daemon.registry.PersistentDaemonRegistry] Removing daemon address: [f4a237b9-938f-45df-916e-78e2e7e14c72 port:51017, addresses:[/127.0.0.1, /0:0:0:0:0:0:0:1]]
00:38:57.990 [DEBUG] [org.gradle.cache.internal.DefaultFileLockManager] Waiting to acquire exclusive lock on daemon addresses registry.
00:38:57.990 [DEBUG] [org.gradle.cache.internal.DefaultFileLockManager] Lock acquired.
00:38:58.002 [DEBUG] [org.gradle.cache.internal.DefaultFileLockManager] Releasing lock on daemon addresses registry.
00:38:58.002 [DEBUG] [org.gradle.launcher.daemon.server.DomainRegistryUpdater] Address removed from registry.
00:38:58.014 [DEBUG] [org.gradle.launcher.daemon.registry.PersistentDaemonRegistry] Removing daemon address: [f4a237b9-938f-45df-916e-78e2e7e14c72 port:51017, addresses:[/127.0.0.1, /0:0:0:0:0:0:0:1]]
Daemon vm is shutting down... The daemon has exited normally or was terminated in response to a user interrupt.
00:38:58.014 [DEBUG] [org.gradle.cache.internal.DefaultFileLockManager] Waiting to acquire exclusive lock on daemon addresses registry.
00:38:58.014 [DEBUG] [org.gradle.cache.internal.DefaultFileLockManager] Lock acquired.
00:38:58.018 [DEBUG] [org.gradle.cache.internal.DefaultFileLockManager] Releasing lock on daemon addresses registry.
